<?xml version="1.0" encoding="UTF-8"?>
<coverage generated="1550712103978" clover="3.2.0">
  <project timestamp="1550712103978" name="All files">
    <metrics statements="73" coveredstatements="1" conditionals="18" coveredconditionals="0" methodInfos="18" coveredmethods="1" elements="109" coveredelements="2" complexity="0" loc="73" ncloc="73" packages="6" files="11" loadedClasses="11">
      <package name="common">
        <metrics statements="17" coveredstatements="0" conditionals="6" coveredconditionals="0" methodInfos="4" coveredmethods="0"/>
        <file name="baseRequest.js" path="D:\b2c\jsexercise\vue-demo\src\common\baseRequest.js">
          <metrics statements="17" coveredstatements="0" conditionals="6" coveredconditionals="0" methodInfos="4" coveredmethods="0"/>
          <line num="1" count="0" type="stmt"/>
          <line num="2" count="0" type="stmt"/>
          <line num="3" count="0" type="stmt"/>
          <line num="5" count="0" type="stmt"/>
          <line num="13" count="0" type="stmt"/>
          <line num="14" count="0" type="stmt"/>
          <line num="15" count="0" type="cond" truecount="0" falsecount="2"/>
          <line num="16" count="0" type="stmt"/>
          <line num="17" count="0" type="stmt"/>
          <line num="19" count="0" type="cond" truecount="0" falsecount="2"/>
          <line num="21" count="0" type="stmt"/>
          <line num="23" count="0" type="stmt"/>
          <line num="27" count="0" type="cond" truecount="0" falsecount="2"/>
          <line num="29" count="0" type="stmt"/>
          <line num="30" count="0" type="stmt"/>
          <line num="32" count="0" type="stmt"/>
          <line num="34" count="0" type="stmt"/>
        </file>
      </package>
      <package name="components">
        <metrics statements="1" coveredstatements="1" conditionals="0" coveredconditionals="0" methodInfos="1" coveredmethods="1"/>
        <file name="HelloWorld.vue" path="D:\b2c\jsexercise\vue-demo\src\components\HelloWorld.vue">
          <metrics statements="1" coveredstatements="1" conditionals="0" coveredconditionals="0" methodInfos="1" coveredmethods="1"/>
          <line num="90" count="1" type="stmt"/>
        </file>
      </package>
      <package name="config">
        <metrics statements="22" coveredstatements="0" conditionals="4" coveredconditionals="0" methodInfos="0" coveredmethods="0"/>
        <file name="base.config.js" path="D:\b2c\jsexercise\vue-demo\src\config\base.config.js">
          <metrics statements="3" coveredstatements="0" conditionals="0" coveredconditionals="0" methodInfos="0" coveredmethods="0"/>
          <line num="4" count="0" type="stmt"/>
          <line num="5" count="0" type="stmt"/>
          <line num="6" count="0" type="stmt"/>
        </file>
        <file name="dev.config.js" path="D:\b2c\jsexercise\vue-demo\src\config\dev.config.js">
          <metrics statements="1" coveredstatements="0" conditionals="0" coveredconditionals="0" methodInfos="0" coveredmethods="0"/>
          <line num="1" count="0" type="stmt"/>
        </file>
        <file name="index.js" path="D:\b2c\jsexercise\vue-demo\src\config\index.js">
          <metrics statements="14" coveredstatements="0" conditionals="4" coveredconditionals="0" methodInfos="0" coveredmethods="0"/>
          <line num="1" count="0" type="stmt"/>
          <line num="2" count="0" type="stmt"/>
          <line num="3" count="0" type="stmt"/>
          <line num="4" count="0" type="stmt"/>
          <line num="5" count="0" type="stmt"/>
          <line num="7" count="0" type="stmt"/>
          <line num="8" count="0" type="stmt"/>
          <line num="10" count="0" type="stmt"/>
          <line num="11" count="0" type="stmt"/>
          <line num="13" count="0" type="stmt"/>
          <line num="14" count="0" type="stmt"/>
          <line num="16" count="0" type="stmt"/>
          <line num="17" count="0" type="stmt"/>
          <line num="19" count="0" type="stmt"/>
        </file>
        <file name="mock.config.js" path="D:\b2c\jsexercise\vue-demo\src\config\mock.config.js">
          <metrics statements="2" coveredstatements="0" conditionals="0" coveredconditionals="0" methodInfos="0" coveredmethods="0"/>
          <line num="1" count="0" type="stmt"/>
          <line num="2" count="0" type="stmt"/>
        </file>
        <file name="prod.config.js" path="D:\b2c\jsexercise\vue-demo\src\config\prod.config.js">
          <metrics statements="1" coveredstatements="0" conditionals="0" coveredconditionals="0" methodInfos="0" coveredmethods="0"/>
          <line num="1" count="0" type="stmt"/>
        </file>
        <file name="test.config.js" path="D:\b2c\jsexercise\vue-demo\src\config\test.config.js">
          <metrics statements="1" coveredstatements="0" conditionals="0" coveredconditionals="0" methodInfos="0" coveredmethods="0"/>
          <line num="1" count="0" type="stmt"/>
        </file>
      </package>
      <package name="pages">
        <metrics statements="2" coveredstatements="0" conditionals="0" coveredconditionals="0" methodInfos="1" coveredmethods="0"/>
        <file name="mainIndex.vue" path="D:\b2c\jsexercise\vue-demo\src\pages\mainIndex.vue">
          <metrics statements="2" coveredstatements="0" conditionals="0" coveredconditionals="0" methodInfos="1" coveredmethods="0"/>
          <line num="95" count="0" type="stmt"/>
          <line num="100" count="0" type="stmt"/>
        </file>
      </package>
      <package name="pages.test">
        <metrics statements="7" coveredstatements="0" conditionals="0" coveredconditionals="0" methodInfos="4" coveredmethods="0"/>
        <file name="demo.vue" path="D:\b2c\jsexercise\vue-demo\src\pages\test\demo.vue">
          <metrics statements="7" coveredstatements="0" conditionals="0" coveredconditionals="0" methodInfos="4" coveredmethods="0"/>
          <line num="12" count="0" type="stmt"/>
          <line num="13" count="0" type="stmt"/>
          <line num="18" count="0" type="stmt"/>
          <line num="24" count="0" type="stmt"/>
          <line num="25" count="0" type="stmt"/>
          <line num="26" count="0" type="stmt"/>
          <line num="31" count="0" type="stmt"/>
        </file>
      </package>
      <package name="pages.users">
        <metrics statements="24" coveredstatements="0" conditionals="8" coveredconditionals="0" methodInfos="8" coveredmethods="0"/>
        <file name="login.vue" path="D:\b2c\jsexercise\vue-demo\src\pages\users\login.vue">
          <metrics statements="24" coveredstatements="0" conditionals="8" coveredconditionals="0" methodInfos="8" coveredmethods="0"/>
          <line num="30" count="0" type="stmt"/>
          <line num="31" count="0" type="stmt"/>
          <line num="35" count="0" type="stmt"/>
          <line num="36" count="0" type="cond" truecount="0" falsecount="2"/>
          <line num="37" count="0" type="stmt"/>
          <line num="39" count="0" type="cond" truecount="0" falsecount="2"/>
          <line num="40" count="0" type="stmt"/>
          <line num="42" count="0" type="stmt"/>
          <line num="44" count="0" type="stmt"/>
          <line num="62" count="0" type="stmt"/>
          <line num="63" count="0" type="stmt"/>
          <line num="64" count="0" type="cond" truecount="0" falsecount="2"/>
          <line num="65" count="0" type="stmt"/>
          <line num="67" count="0" type="stmt"/>
          <line num="68" count="0" type="cond" truecount="0" falsecount="2"/>
          <line num="69" count="0" type="stmt"/>
          <line num="74" count="0" type="stmt"/>
          <line num="76" count="0" type="stmt"/>
          <line num="77" count="0" type="stmt"/>
          <line num="78" count="0" type="stmt"/>
          <line num="79" count="0" type="stmt"/>
          <line num="81" count="0" type="stmt"/>
          <line num="82" count="0" type="stmt"/>
          <line num="87" count="0" type="stmt"/>
        </file>
      </package>
    </metrics>
  </project>
</coverage>
