{"D:\\b2c\\jsexercise\\vue-demo\\src\\common\\baseRequest.js": {"path":"D:\\b2c\\jsexercise\\vue-demo\\src\\common\\baseRequest.js","statementMap":{"0":{"start":{"line":1,"column":0},"end":{"line":null,"column":-1}},"1":{"start":{"line":2,"column":0},"end":{"line":null,"column":-1}},"2":{"start":{"line":3,"column":0},"end":{"line":null,"column":-1}},"3":{"start":{"line":5,"column":18},"end":{"line":5,"column":0}},"4":{"start":{"line":13,"column":0},"end":{"line":null,"column":-1}},"5":{"start":{"line":14,"column":2},"end":{"line":null,"column":-1}},"6":{"start":{"line":15,"column":2},"end":{"line":20,"column":3}},"7":{"start":{"line":16,"column":4},"end":{"line":null,"column":-1}},"8":{"start":{"line":17,"column":4},"end":{"line":null,"column":-1}},"9":{"start":{"line":19,"column":4},"end":{"line":null,"column":-1}},"10":{"start":{"line":21,"column":2},"end":{"line":null,"column":-1}},"11":{"start":{"line":23,"column":2},"end":{"line":null,"column":-1}},"12":{"start":{"line":27,"column":2},"end":{"line":31,"column":3}},"13":{"start":{"line":29,"column":4},"end":{"line":null,"column":-1}},"14":{"start":{"line":30,"column":4},"end":{"line":null,"column":-1}},"15":{"start":{"line":32,"column":2},"end":{"line":null,"column":-1}},"16":{"start":{"line":34,"column":2},"end":{"line":null,"column":-1}}},"fnMap":{"0":{"name":"(anonymous_1)","decl":{"start":{"line":13,"column":35},"end":{"line":13,"column":49}},"loc":{"start":{"line":13,"column":50},"end":{"line":13,"column":0}}},"1":{"name":"(anonymous_2)","decl":{"start":{"line":22,"column":3},"end":{"line":22,"column":11}},"loc":{"start":{"line":22,"column":12},"end":{"line":13,"column":0}}},"2":{"name":"(anonymous_3)","decl":{"start":{"line":26,"column":36},"end":{"line":26,"column":47}},"loc":{"start":{"line":26,"column":48},"end":{"line":26,"column":0}}},"3":{"name":"(anonymous_4)","decl":{"start":{"line":33,"column":3},"end":{"line":33,"column":11}},"loc":{"start":{"line":33,"column":12},"end":{"line":26,"column":0}}}},"branchMap":{"0":{"loc":{"start":{"line":15,"column":2},"end":{"line":20,"column":3}},"type":"if","locations":[{"start":{"line":15,"column":2},"end":{"line":20,"column":3}},{"start":{"line":15,"column":2},"end":{"line":20,"column":3}}]},"1":{"loc":{"start":{"line":19,"column":38},"end":{"line":19,"column":37}},"type":"binary-expr","locations":[{"start":{"line":19,"column":38},"end":{"line":19,"column":37}},{"start":{"line":19,"column":58},"end":{"line":19,"column":23}}]},"2":{"loc":{"start":{"line":27,"column":2},"end":{"line":31,"column":3}},"type":"if","locations":[{"start":{"line":27,"column":2},"end":{"line":31,"column":3}},{"start":{"line":27,"column":2},"end":{"line":31,"column":3}}]}},"s":{"0":0,"1":0,"2":0,"3":0,"4":0,"5":0,"6":0,"7":0,"8":0,"9":0,"10":0,"11":0,"12":0,"13":0,"14":0,"15":0,"16":0},"f":{"0":0,"1":0,"2":0,"3":0},"b":{"0":[0,0],"1":[0,0],"2":[0,0]}}
,"D:\\b2c\\jsexercise\\vue-demo\\src\\components\\HelloWorld.vue": {"path":"D:\\b2c\\jsexercise\\vue-demo\\src\\components\\HelloWorld.vue","statementMap":{"0":{"start":{"line":90,"column":0},"end":{"line":null,"column":-1}}},"fnMap":{"0":{"name":"data","decl":{"start":{"line":89,"column":0},"end":{"line":null,"column":-1}},"loc":{"start":{"line":89,"column":0},"end":{"line":93,"column":0}}}},"branchMap":{},"s":{"0":1},"f":{"0":1},"b":{}}
,"D:\\b2c\\jsexercise\\vue-demo\\src\\config\\base.config.js": {"path":"D:\\b2c\\jsexercise\\vue-demo\\src\\config\\base.config.js","statementMap":{"0":{"start":{"line":4,"column":13},"end":{"line":4,"column":7}},"1":{"start":{"line":5,"column":13},"end":{"line":5,"column":7}},"2":{"start":{"line":6,"column":13},"end":{"line":6,"column":7}}},"fnMap":{},"branchMap":{},"s":{"0":0,"1":0,"2":0},"f":{},"b":{}}
,"D:\\b2c\\jsexercise\\vue-demo\\src\\config\\dev.config.js": {"path":"D:\\b2c\\jsexercise\\vue-demo\\src\\config\\dev.config.js","statementMap":{"0":{"start":{"line":1,"column":13},"end":{"line":1,"column":7}}},"fnMap":{},"branchMap":{},"s":{"0":0},"f":{},"b":{}}
,"D:\\b2c\\jsexercise\\vue-demo\\src\\config\\index.js": {"path":"D:\\b2c\\jsexercise\\vue-demo\\src\\config\\index.js","statementMap":{"0":{"start":{"line":1,"column":0},"end":{"line":null,"column":-1}},"1":{"start":{"line":2,"column":0},"end":{"line":null,"column":-1}},"2":{"start":{"line":3,"column":0},"end":{"line":null,"column":-1}},"3":{"start":{"line":4,"column":0},"end":{"line":null,"column":-1}},"4":{"start":{"line":5,"column":0},"end":{"line":null,"column":-1}},"5":{"start":{"line":7,"column":4},"end":{"line":7,"column":0}},"6":{"start":{"line":8,"column":0},"end":{"line":null,"column":-1}},"7":{"start":{"line":10,"column":4},"end":{"line":null,"column":-1}},"8":{"start":{"line":11,"column":4},"end":{"line":null,"column":-1}},"9":{"start":{"line":13,"column":4},"end":{"line":null,"column":-1}},"10":{"start":{"line":14,"column":4},"end":{"line":null,"column":-1}},"11":{"start":{"line":16,"column":4},"end":{"line":null,"column":-1}},"12":{"start":{"line":17,"column":4},"end":{"line":null,"column":-1}},"13":{"start":{"line":19,"column":4},"end":{"line":8,"column":0}}},"fnMap":{},"branchMap":{"0":{"loc":{"start":{"line":9,"column":2},"end":{"line":11,"column":4}},"type":"switch","locations":[{"start":{"line":9,"column":2},"end":{"line":11,"column":4}},{"start":{"line":12,"column":2},"end":{"line":14,"column":4}},{"start":{"line":15,"column":2},"end":{"line":17,"column":4}},{"start":{"line":18,"column":2},"end":{"line":8,"column":0}}]}},"s":{"0":0,"1":0,"2":0,"3":0,"4":0,"5":0,"6":0,"7":0,"8":0,"9":0,"10":0,"11":0,"12":0,"13":0},"f":{},"b":{"0":[0,0,0,0]}}
,"D:\\b2c\\jsexercise\\vue-demo\\src\\config\\mock.config.js": {"path":"D:\\b2c\\jsexercise\\vue-demo\\src\\config\\mock.config.js","statementMap":{"0":{"start":{"line":1,"column":13},"end":{"line":1,"column":7}},"1":{"start":{"line":2,"column":13},"end":{"line":2,"column":7}}},"fnMap":{},"branchMap":{},"s":{"0":0,"1":0},"f":{},"b":{}}
,"D:\\b2c\\jsexercise\\vue-demo\\src\\config\\prod.config.js": {"path":"D:\\b2c\\jsexercise\\vue-demo\\src\\config\\prod.config.js","statementMap":{"0":{"start":{"line":1,"column":13},"end":{"line":1,"column":7}}},"fnMap":{},"branchMap":{},"s":{"0":0},"f":{},"b":{}}
,"D:\\b2c\\jsexercise\\vue-demo\\src\\config\\test.config.js": {"path":"D:\\b2c\\jsexercise\\vue-demo\\src\\config\\test.config.js","statementMap":{"0":{"start":{"line":1,"column":13},"end":{"line":1,"column":7}}},"fnMap":{},"branchMap":{},"s":{"0":0},"f":{},"b":{}}
,"D:\\b2c\\jsexercise\\vue-demo\\src\\pages\\mainIndex.vue": {"path":"D:\\b2c\\jsexercise\\vue-demo\\src\\pages\\mainIndex.vue","statementMap":{"0":{"start":{"line":95,"column":0},"end":{"line":null,"column":-1}},"1":{"start":{"line":100,"column":0},"end":{"line":null,"column":-1}}},"fnMap":{"0":{"name":"data","decl":{"start":{"line":94,"column":0},"end":{"line":null,"column":-1}},"loc":{"start":{"line":94,"column":0},"end":{"line":103,"column":0}}}},"branchMap":{},"s":{"0":0,"1":0},"f":{"0":0},"b":{}}
,"D:\\b2c\\jsexercise\\vue-demo\\src\\pages\\test\\demo.vue": {"path":"D:\\b2c\\jsexercise\\vue-demo\\src\\pages\\test\\demo.vue","statementMap":{"0":{"start":{"line":12,"column":0},"end":{"line":null,"column":-1}},"1":{"start":{"line":13,"column":0},"end":{"line":null,"column":-1}},"2":{"start":{"line":18,"column":0},"end":{"line":null,"column":-1}},"3":{"start":{"line":24,"column":0},"end":{"line":null,"column":-1}},"4":{"start":{"line":25,"column":0},"end":{"line":27,"column":0}},"5":{"start":{"line":26,"column":0},"end":{"line":null,"column":-1}},"6":{"start":{"line":31,"column":0},"end":{"line":null,"column":-1}}},"fnMap":{"0":{"name":"data","decl":{"start":{"line":17,"column":0},"end":{"line":null,"column":-1}},"loc":{"start":{"line":17,"column":0},"end":{"line":22,"column":0}}},"1":{"name":"getBannerList","decl":{"start":{"line":24,"column":0},"end":{"line":null,"column":-1}},"loc":{"start":{"line":24,"column":0},"end":{"line":28,"column":0}}},"2":{"name":"(anonymous_4)","decl":{"start":{"line":25,"column":0},"end":{"line":null,"column":-1}},"loc":{"start":{"line":25,"column":0},"end":{"line":27,"column":0}}},"3":{"name":"mounted","decl":{"start":{"line":30,"column":0},"end":{"line":null,"column":-1}},"loc":{"start":{"line":30,"column":0},"end":{"line":32,"column":0}}}},"branchMap":{},"s":{"0":0,"1":0,"2":0,"3":0,"4":0,"5":0,"6":0},"f":{"0":0,"1":0,"2":0,"3":0},"b":{}}
,"D:\\b2c\\jsexercise\\vue-demo\\src\\pages\\users\\login.vue": {"path":"D:\\b2c\\jsexercise\\vue-demo\\src\\pages\\users\\login.vue","statementMap":{"0":{"start":{"line":30,"column":0},"end":{"line":null,"column":-1}},"1":{"start":{"line":31,"column":0},"end":{"line":null,"column":-1}},"2":{"start":{"line":35,"column":0},"end":{"line":43,"column":0}},"3":{"start":{"line":36,"column":0},"end":{"line":38,"column":0}},"4":{"start":{"line":37,"column":0},"end":{"line":null,"column":-1}},"5":{"start":{"line":39,"column":0},"end":{"line":41,"column":0}},"6":{"start":{"line":40,"column":0},"end":{"line":null,"column":-1}},"7":{"start":{"line":42,"column":0},"end":{"line":null,"column":-1}},"8":{"start":{"line":44,"column":0},"end":{"line":null,"column":-1}},"9":{"start":{"line":62,"column":0},"end":{"line":null,"column":-1}},"10":{"start":{"line":63,"column":0},"end":{"line":84,"column":0}},"11":{"start":{"line":64,"column":0},"end":{"line":66,"column":0}},"12":{"start":{"line":65,"column":0},"end":{"line":null,"column":-1}},"13":{"start":{"line":67,"column":0},"end":{"line":83,"column":0}},"14":{"start":{"line":68,"column":0},"end":{"line":75,"column":0}},"15":{"start":{"line":69,"column":0},"end":{"line":null,"column":-1}},"16":{"start":{"line":74,"column":0},"end":{"line":null,"column":-1}},"17":{"start":{"line":76,"column":0},"end":{"line":null,"column":-1}},"18":{"start":{"line":77,"column":0},"end":{"line":null,"column":-1}},"19":{"start":{"line":78,"column":0},"end":{"line":80,"column":0}},"20":{"start":{"line":79,"column":0},"end":{"line":null,"column":-1}},"21":{"start":{"line":81,"column":0},"end":{"line":null,"column":-1}},"22":{"start":{"line":82,"column":0},"end":{"line":null,"column":-1}},"23":{"start":{"line":87,"column":0},"end":{"line":null,"column":-1}}},"fnMap":{"0":{"name":"data","decl":{"start":{"line":34,"column":0},"end":{"line":null,"column":-1}},"loc":{"start":{"line":34,"column":0},"end":{"line":60,"column":0}}},"1":{"name":"validateUsername","decl":{"start":{"line":35,"column":0},"end":{"line":null,"column":-1}},"loc":{"start":{"line":35,"column":0},"end":{"line":43,"column":0}}},"2":{"name":"login","decl":{"start":{"line":62,"column":0},"end":{"line":null,"column":-1}},"loc":{"start":{"line":62,"column":0},"end":{"line":85,"column":0}}},"3":{"name":"(anonymous_5)","decl":{"start":{"line":63,"column":0},"end":{"line":null,"column":-1}},"loc":{"start":{"line":63,"column":0},"end":{"line":84,"column":0}}},"4":{"name":"(anonymous_6)","decl":{"start":{"line":67,"column":0},"end":{"line":null,"column":-1}},"loc":{"start":{"line":67,"column":0},"end":{"line":83,"column":0}}},"5":{"name":"(anonymous_7)","decl":{"start":{"line":78,"column":0},"end":{"line":null,"column":-1}},"loc":{"start":{"line":78,"column":0},"end":{"line":80,"column":0}}},"6":{"name":"resetForm","decl":{"start":{"line":86,"column":0},"end":{"line":null,"column":-1}},"loc":{"start":{"line":86,"column":0},"end":{"line":88,"column":0}}},"7":{"name":"mounted","decl":{"start":{"line":90,"column":0},"end":{"line":null,"column":-1}},"loc":{"start":{"line":90,"column":0},"end":{"line":null,"column":-1}}}},"branchMap":{"0":{"loc":{"start":{"line":36,"column":0},"end":{"line":38,"column":0}},"type":"if","locations":[{"start":{"line":36,"column":0},"end":{"line":38,"column":0}},{"start":{"line":36,"column":0},"end":{"line":38,"column":0}}]},"1":{"loc":{"start":{"line":39,"column":0},"end":{"line":41,"column":0}},"type":"if","locations":[{"start":{"line":39,"column":0},"end":{"line":41,"column":0}},{"start":{"line":39,"column":0},"end":{"line":41,"column":0}}]},"2":{"loc":{"start":{"line":64,"column":0},"end":{"line":66,"column":0}},"type":"if","locations":[{"start":{"line":64,"column":0},"end":{"line":66,"column":0}},{"start":{"line":64,"column":0},"end":{"line":66,"column":0}}]},"3":{"loc":{"start":{"line":68,"column":0},"end":{"line":75,"column":0}},"type":"if","locations":[{"start":{"line":68,"column":0},"end":{"line":75,"column":0}},{"start":{"line":68,"column":0},"end":{"line":75,"column":0}}]}},"s":{"0":0,"1":0,"2":0,"3":0,"4":0,"5":0,"6":0,"7":0,"8":0,"9":0,"10":0,"11":0,"12":0,"13":0,"14":0,"15":0,"16":0,"17":0,"18":0,"19":0,"20":0,"21":0,"22":0,"23":0},"f":{"0":0,"1":0,"2":0,"3":0,"4":0,"5":0,"6":0,"7":0},"b":{"0":[0,0],"1":[0,0],"2":[0,0],"3":[0,0]}}
}
