TN:
SF:D:\b2c\jsexercise\vue-demo\src\common\baseRequest.js
FN:13,(anonymous_1)
FN:22,(anonymous_2)
FN:26,(anonymous_3)
FN:33,(anonymous_4)
FNF:4
FNH:0
FNDA:0,(anonymous_1)
FNDA:0,(anonymous_2)
FNDA:0,(anonymous_3)
FNDA:0,(anonymous_4)
DA:1,0
DA:2,0
DA:3,0
DA:5,0
DA:13,0
DA:14,0
DA:15,0
DA:16,0
DA:17,0
DA:19,0
DA:21,0
DA:23,0
DA:27,0
DA:29,0
DA:30,0
DA:32,0
DA:34,0
LF:17
LH:0
BRDA:15,0,0,0
BRDA:15,0,1,0
BRDA:19,1,0,0
BRDA:19,1,1,0
BRDA:27,2,0,0
BRDA:27,2,1,0
BRF:6
BRH:0
end_of_record
TN:
SF:D:\b2c\jsexercise\vue-demo\src\components\HelloWorld.vue
FN:89,data
FNF:1
FNH:1
FNDA:1,data
DA:90,1
LF:1
LH:1
BRF:0
BRH:0
end_of_record
TN:
SF:D:\b2c\jsexercise\vue-demo\src\config\base.config.js
FNF:0
FNH:0
DA:4,0
DA:5,0
DA:6,0
LF:3
LH:0
BRF:0
BRH:0
end_of_record
TN:
SF:D:\b2c\jsexercise\vue-demo\src\config\dev.config.js
FNF:0
FNH:0
DA:1,0
LF:1
LH:0
BRF:0
BRH:0
end_of_record
TN:
SF:D:\b2c\jsexercise\vue-demo\src\config\index.js
FNF:0
FNH:0
DA:1,0
DA:2,0
DA:3,0
DA:4,0
DA:5,0
DA:7,0
DA:8,0
DA:10,0
DA:11,0
DA:13,0
DA:14,0
DA:16,0
DA:17,0
DA:19,0
LF:14
LH:0
BRDA:9,0,0,0
BRDA:9,0,1,0
BRDA:9,0,2,0
BRDA:9,0,3,0
BRF:4
BRH:0
end_of_record
TN:
SF:D:\b2c\jsexercise\vue-demo\src\config\mock.config.js
FNF:0
FNH:0
DA:1,0
DA:2,0
LF:2
LH:0
BRF:0
BRH:0
end_of_record
TN:
SF:D:\b2c\jsexercise\vue-demo\src\config\prod.config.js
FNF:0
FNH:0
DA:1,0
LF:1
LH:0
BRF:0
BRH:0
end_of_record
TN:
SF:D:\b2c\jsexercise\vue-demo\src\config\test.config.js
FNF:0
FNH:0
DA:1,0
LF:1
LH:0
BRF:0
BRH:0
end_of_record
TN:
SF:D:\b2c\jsexercise\vue-demo\src\pages\mainIndex.vue
FN:94,data
FNF:1
FNH:0
FNDA:0,data
DA:95,0
DA:100,0
LF:2
LH:0
BRF:0
BRH:0
end_of_record
TN:
SF:D:\b2c\jsexercise\vue-demo\src\pages\test\demo.vue
FN:17,data
FN:24,getBannerList
FN:25,(anonymous_4)
FN:30,mounted
FNF:4
FNH:0
FNDA:0,data
FNDA:0,getBannerList
FNDA:0,(anonymous_4)
FNDA:0,mounted
DA:12,0
DA:13,0
DA:18,0
DA:24,0
DA:25,0
DA:26,0
DA:31,0
LF:7
LH:0
BRF:0
BRH:0
end_of_record
TN:
SF:D:\b2c\jsexercise\vue-demo\src\pages\users\login.vue
FN:34,data
FN:35,validateUsername
FN:62,login
FN:63,(anonymous_5)
FN:67,(anonymous_6)
FN:78,(anonymous_7)
FN:86,resetForm
FN:90,mounted
FNF:8
FNH:0
FNDA:0,data
FNDA:0,validateUsername
FNDA:0,login
FNDA:0,(anonymous_5)
FNDA:0,(anonymous_6)
FNDA:0,(anonymous_7)
FNDA:0,resetForm
FNDA:0,mounted
DA:30,0
DA:31,0
DA:35,0
DA:36,0
DA:37,0
DA:39,0
DA:40,0
DA:42,0
DA:44,0
DA:62,0
DA:63,0
DA:64,0
DA:65,0
DA:67,0
DA:68,0
DA:69,0
DA:74,0
DA:76,0
DA:77,0
DA:78,0
DA:79,0
DA:81,0
DA:82,0
DA:87,0
LF:24
LH:0
BRDA:36,0,0,0
BRDA:36,0,1,0
BRDA:39,1,0,0
BRDA:39,1,1,0
BRDA:64,2,0,0
BRDA:64,2,1,0
BRDA:68,3,0,0
BRDA:68,3,1,0
BRF:8
BRH:0
end_of_record
